{"/Users/isabellebernieri/Desktop/study/api_teste_oficial/src/app.js": {"path":"/Users/isabellebernieri/Desktop/study/api_teste_oficial/src/app.js","statementMap":{"0":{"start":{"line":1,"column":16},"end":{"line":1,"column":34}},"1":{"start":{"line":2,"column":22},"end":{"line":2,"column":55}},"2":{"start":{"line":4,"column":12},"end":{"line":4,"column":21}},"3":{"start":{"line":6,"column":0},"end":{"line":6,"column":24}},"4":{"start":{"line":7,"column":0},"end":{"line":7,"column":28}},"5":{"start":{"line":9,"column":0},"end":{"line":9,"column":21}}},"fnMap":{},"branchMap":{},"s":{"0":1,"1":1,"2":1,"3":1,"4":1,"5":1},"f":{},"b":{},"_coverageSchema":"1a1c01bbd47fc00a2c39e90264f33305004495a9","hash":"5ebcc405ad97ce443caf47a796d8e52d601acfd2"}
,"/Users/isabellebernieri/Desktop/study/api_teste_oficial/src/controllers/accountController.js": {"path":"/Users/isabellebernieri/Desktop/study/api_teste_oficial/src/controllers/accountController.js","statementMap":{"0":{"start":{"line":1,"column":51},"end":{"line":1,"column":88}},"1":{"start":{"line":4,"column":21},"end":{"line":11,"column":1}},"2":{"start":{"line":5,"column":4},"end":{"line":10,"column":5}},"3":{"start":{"line":6,"column":23},"end":{"line":6,"column":38}},"4":{"start":{"line":7,"column":8},"end":{"line":7,"column":37}},"5":{"start":{"line":9,"column":8},"end":{"line":9,"column":44}},"6":{"start":{"line":14,"column":21},"end":{"line":27,"column":1}},"7":{"start":{"line":15,"column":4},"end":{"line":26,"column":5}},"8":{"start":{"line":16,"column":23},"end":{"line":16,"column":44}},"9":{"start":{"line":17,"column":8},"end":{"line":17,"column":37}},"10":{"start":{"line":19,"column":8},"end":{"line":25,"column":9}},"11":{"start":{"line":20,"column":12},"end":{"line":20,"column":48}},"12":{"start":{"line":21,"column":15},"end":{"line":25,"column":9}},"13":{"start":{"line":22,"column":12},"end":{"line":22,"column":48}},"14":{"start":{"line":24,"column":12},"end":{"line":24,"column":48}},"15":{"start":{"line":30,"column":23},"end":{"line":41,"column":1}},"16":{"start":{"line":31,"column":4},"end":{"line":40,"column":5}},"17":{"start":{"line":32,"column":24},"end":{"line":32,"column":56}},"18":{"start":{"line":33,"column":8},"end":{"line":33,"column":38}},"19":{"start":{"line":35,"column":8},"end":{"line":39,"column":9}},"20":{"start":{"line":36,"column":12},"end":{"line":36,"column":48}},"21":{"start":{"line":38,"column":12},"end":{"line":38,"column":48}},"22":{"start":{"line":43,"column":0},"end":{"line":47,"column":2}}},"fnMap":{"0":{"name":"(anonymous_0)","decl":{"start":{"line":4,"column":21},"end":{"line":4,"column":22}},"loc":{"start":{"line":4,"column":35},"end":{"line":11,"column":1}},"line":4},"1":{"name":"(anonymous_1)","decl":{"start":{"line":14,"column":21},"end":{"line":14,"column":22}},"loc":{"start":{"line":14,"column":35},"end":{"line":27,"column":1}},"line":14},"2":{"name":"(anonymous_2)","decl":{"start":{"line":30,"column":23},"end":{"line":30,"column":24}},"loc":{"start":{"line":30,"column":37},"end":{"line":41,"column":1}},"line":30}},"branchMap":{"0":{"loc":{"start":{"line":19,"column":8},"end":{"line":25,"column":9}},"type":"if","locations":[{"start":{"line":19,"column":8},"end":{"line":25,"column":9}},{"start":{"line":21,"column":15},"end":{"line":25,"column":9}}],"line":19},"1":{"loc":{"start":{"line":21,"column":15},"end":{"line":25,"column":9}},"type":"if","locations":[{"start":{"line":21,"column":15},"end":{"line":25,"column":9}},{"start":{"line":23,"column":15},"end":{"line":25,"column":9}}],"line":21},"2":{"loc":{"start":{"line":21,"column":19},"end":{"line":21,"column":139}},"type":"binary-expr","locations":[{"start":{"line":21,"column":19},"end":{"line":21,"column":59}},{"start":{"line":21,"column":63},"end":{"line":21,"column":101}},{"start":{"line":21,"column":105},"end":{"line":21,"column":139}}],"line":21},"3":{"loc":{"start":{"line":35,"column":8},"end":{"line":39,"column":9}},"type":"if","locations":[{"start":{"line":35,"column":8},"end":{"line":39,"column":9}},{"start":{"line":37,"column":15},"end":{"line":39,"column":9}}],"line":35}},"s":{"0":1,"1":1,"2":1,"3":1,"4":1,"5":0,"6":1,"7":10,"8":10,"9":3,"10":7,"11":3,"12":4,"13":4,"14":0,"15":1,"16":3,"17":3,"18":1,"19":2,"20":1,"21":1,"22":1},"f":{"0":1,"1":10,"2":3},"b":{"0":[3,4],"1":[4,0],"2":[4,4,4],"3":[1,1]},"_coverageSchema":"1a1c01bbd47fc00a2c39e90264f33305004495a9","hash":"7525b07b82f91bbd0f93f744c04a8235f70086e0"}
,"/Users/isabellebernieri/Desktop/study/api_teste_oficial/src/routes/accountRoutes.js": {"path":"/Users/isabellebernieri/Desktop/study/api_teste_oficial/src/routes/accountRoutes.js","statementMap":{"0":{"start":{"line":1,"column":16},"end":{"line":1,"column":34}},"1":{"start":{"line":2,"column":55},"end":{"line":2,"column":98}},"2":{"start":{"line":4,"column":15},"end":{"line":4,"column":31}},"3":{"start":{"line":7,"column":0},"end":{"line":7,"column":36}},"4":{"start":{"line":8,"column":0},"end":{"line":8,"column":36}},"5":{"start":{"line":9,"column":0},"end":{"line":9,"column":39}},"6":{"start":{"line":11,"column":0},"end":{"line":11,"column":24}}},"fnMap":{},"branchMap":{},"s":{"0":1,"1":1,"2":1,"3":1,"4":1,"5":1,"6":1},"f":{},"b":{},"_coverageSchema":"1a1c01bbd47fc00a2c39e90264f33305004495a9","hash":"61f85ef73b6d86bf020512097a0c93e202746dc7"}
,"/Users/isabellebernieri/Desktop/study/api_teste_oficial/src/services/accountService.js": {"path":"/Users/isabellebernieri/Desktop/study/api_teste_oficial/src/services/accountService.js","statementMap":{"0":{"start":{"line":1,"column":15},"end":{"line":1,"column":17}},"1":{"start":{"line":2,"column":13},"end":{"line":2,"column":15}},"2":{"start":{"line":5,"column":22},"end":{"line":9,"column":1}},"3":{"start":{"line":6,"column":4},"end":{"line":6,"column":18}},"4":{"start":{"line":7,"column":4},"end":{"line":7,"column":16}},"5":{"start":{"line":8,"column":4},"end":{"line":8,"column":16}},"6":{"start":{"line":12,"column":20},"end":{"line":93,"column":1}},"7":{"start":{"line":13,"column":4},"end":{"line":92,"column":5}},"8":{"start":{"line":14,"column":8},"end":{"line":89,"column":9}},"9":{"start":{"line":15,"column":12},"end":{"line":17,"column":13}},"10":{"start":{"line":16,"column":16},"end":{"line":16,"column":79}},"11":{"start":{"line":19,"column":12},"end":{"line":21,"column":13}},"12":{"start":{"line":20,"column":16},"end":{"line":20,"column":42}},"13":{"start":{"line":23,"column":12},"end":{"line":23,"column":44}},"14":{"start":{"line":24,"column":12},"end":{"line":24,"column":55}},"15":{"start":{"line":26,"column":12},"end":{"line":31,"column":14}},"16":{"start":{"line":33,"column":15},"end":{"line":89,"column":9}},"17":{"start":{"line":34,"column":12},"end":{"line":36,"column":13}},"18":{"start":{"line":35,"column":16},"end":{"line":35,"column":75}},"19":{"start":{"line":38,"column":12},"end":{"line":40,"column":13}},"20":{"start":{"line":39,"column":16},"end":{"line":39,"column":37}},"21":{"start":{"line":42,"column":12},"end":{"line":54,"column":13}},"22":{"start":{"line":43,"column":16},"end":{"line":43,"column":43}},"23":{"start":{"line":44,"column":16},"end":{"line":44,"column":54}},"24":{"start":{"line":46,"column":16},"end":{"line":51,"column":18}},"25":{"start":{"line":53,"column":16},"end":{"line":53,"column":37}},"26":{"start":{"line":56,"column":15},"end":{"line":89,"column":9}},"27":{"start":{"line":57,"column":12},"end":{"line":59,"column":13}},"28":{"start":{"line":58,"column":16},"end":{"line":58,"column":93}},"29":{"start":{"line":61,"column":12},"end":{"line":63,"column":13}},"30":{"start":{"line":62,"column":16},"end":{"line":62,"column":37}},"31":{"start":{"line":65,"column":12},"end":{"line":67,"column":13}},"32":{"start":{"line":66,"column":16},"end":{"line":66,"column":42}},"33":{"start":{"line":69,"column":12},"end":{"line":86,"column":13}},"34":{"start":{"line":70,"column":16},"end":{"line":70,"column":43}},"35":{"start":{"line":71,"column":16},"end":{"line":71,"column":48}},"36":{"start":{"line":72,"column":16},"end":{"line":72,"column":67}},"37":{"start":{"line":74,"column":16},"end":{"line":83,"column":18}},"38":{"start":{"line":85,"column":16},"end":{"line":85,"column":37}},"39":{"start":{"line":88,"column":12},"end":{"line":88,"column":50}},"40":{"start":{"line":91,"column":8},"end":{"line":91,"column":48}},"41":{"start":{"line":96,"column":19},"end":{"line":106,"column":1}},"42":{"start":{"line":97,"column":4},"end":{"line":99,"column":5}},"43":{"start":{"line":98,"column":8},"end":{"line":98,"column":50}},"44":{"start":{"line":101,"column":4},"end":{"line":105,"column":5}},"45":{"start":{"line":102,"column":8},"end":{"line":102,"column":46}},"46":{"start":{"line":104,"column":8},"end":{"line":104,"column":29}},"47":{"start":{"line":108,"column":0},"end":{"line":112,"column":2}}},"fnMap":{"0":{"name":"(anonymous_0)","decl":{"start":{"line":5,"column":22},"end":{"line":5,"column":23}},"loc":{"start":{"line":5,"column":28},"end":{"line":9,"column":1}},"line":5},"1":{"name":"(anonymous_1)","decl":{"start":{"line":12,"column":20},"end":{"line":12,"column":21}},"loc":{"start":{"line":12,"column":63},"end":{"line":93,"column":1}},"line":12},"2":{"name":"(anonymous_2)","decl":{"start":{"line":96,"column":19},"end":{"line":96,"column":20}},"loc":{"start":{"line":96,"column":34},"end":{"line":106,"column":1}},"line":96}},"branchMap":{"0":{"loc":{"start":{"line":13,"column":4},"end":{"line":92,"column":5}},"type":"if","locations":[{"start":{"line":13,"column":4},"end":{"line":92,"column":5}},{"start":{"line":90,"column":11},"end":{"line":92,"column":5}}],"line":13},"1":{"loc":{"start":{"line":13,"column":8},"end":{"line":13,"column":36}},"type":"binary-expr","locations":[{"start":{"line":13,"column":8},"end":{"line":13,"column":12}},{"start":{"line":13,"column":16},"end":{"line":13,"column":36}}],"line":13},"2":{"loc":{"start":{"line":14,"column":8},"end":{"line":89,"column":9}},"type":"if","locations":[{"start":{"line":14,"column":8},"end":{"line":89,"column":9}},{"start":{"line":33,"column":15},"end":{"line":89,"column":9}}],"line":14},"3":{"loc":{"start":{"line":15,"column":12},"end":{"line":17,"column":13}},"type":"if","locations":[{"start":{"line":15,"column":12},"end":{"line":17,"column":13}},{"start":{},"end":{}}],"line":15},"4":{"loc":{"start":{"line":19,"column":12},"end":{"line":21,"column":13}},"type":"if","locations":[{"start":{"line":19,"column":12},"end":{"line":21,"column":13}},{"start":{},"end":{}}],"line":19},"5":{"loc":{"start":{"line":33,"column":15},"end":{"line":89,"column":9}},"type":"if","locations":[{"start":{"line":33,"column":15},"end":{"line":89,"column":9}},{"start":{"line":56,"column":15},"end":{"line":89,"column":9}}],"line":33},"6":{"loc":{"start":{"line":34,"column":12},"end":{"line":36,"column":13}},"type":"if","locations":[{"start":{"line":34,"column":12},"end":{"line":36,"column":13}},{"start":{},"end":{}}],"line":34},"7":{"loc":{"start":{"line":38,"column":12},"end":{"line":40,"column":13}},"type":"if","locations":[{"start":{"line":38,"column":12},"end":{"line":40,"column":13}},{"start":{},"end":{}}],"line":38},"8":{"loc":{"start":{"line":42,"column":12},"end":{"line":54,"column":13}},"type":"if","locations":[{"start":{"line":42,"column":12},"end":{"line":54,"column":13}},{"start":{"line":52,"column":19},"end":{"line":54,"column":13}}],"line":42},"9":{"loc":{"start":{"line":56,"column":15},"end":{"line":89,"column":9}},"type":"if","locations":[{"start":{"line":56,"column":15},"end":{"line":89,"column":9}},{"start":{"line":87,"column":15},"end":{"line":89,"column":9}}],"line":56},"10":{"loc":{"start":{"line":57,"column":12},"end":{"line":59,"column":13}},"type":"if","locations":[{"start":{"line":57,"column":12},"end":{"line":59,"column":13}},{"start":{},"end":{}}],"line":57},"11":{"loc":{"start":{"line":57,"column":16},"end":{"line":57,"column":39}},"type":"binary-expr","locations":[{"start":{"line":57,"column":16},"end":{"line":57,"column":23}},{"start":{"line":57,"column":27},"end":{"line":57,"column":39}}],"line":57},"12":{"loc":{"start":{"line":61,"column":12},"end":{"line":63,"column":13}},"type":"if","locations":[{"start":{"line":61,"column":12},"end":{"line":63,"column":13}},{"start":{},"end":{}}],"line":61},"13":{"loc":{"start":{"line":65,"column":12},"end":{"line":67,"column":13}},"type":"if","locations":[{"start":{"line":65,"column":12},"end":{"line":67,"column":13}},{"start":{},"end":{}}],"line":65},"14":{"loc":{"start":{"line":69,"column":12},"end":{"line":86,"column":13}},"type":"if","locations":[{"start":{"line":69,"column":12},"end":{"line":86,"column":13}},{"start":{"line":84,"column":19},"end":{"line":86,"column":13}}],"line":69},"15":{"loc":{"start":{"line":97,"column":4},"end":{"line":99,"column":5}},"type":"if","locations":[{"start":{"line":97,"column":4},"end":{"line":99,"column":5}},{"start":{},"end":{}}],"line":97},"16":{"loc":{"start":{"line":101,"column":4},"end":{"line":105,"column":5}},"type":"if","locations":[{"start":{"line":101,"column":4},"end":{"line":105,"column":5}},{"start":{"line":103,"column":11},"end":{"line":105,"column":5}}],"line":101}},"s":{"0":1,"1":1,"2":1,"3":14,"4":14,"5":14,"6":1,"7":16,"8":16,"9":8,"10":1,"11":7,"12":7,"13":7,"14":7,"15":7,"16":8,"17":3,"18":1,"19":2,"20":1,"21":1,"22":1,"23":1,"24":1,"25":0,"26":5,"27":5,"28":2,"29":3,"30":1,"31":2,"32":0,"33":2,"34":1,"35":1,"36":1,"37":1,"38":1,"39":0,"40":0,"41":1,"42":3,"43":1,"44":2,"45":1,"46":1,"47":1},"f":{"0":14,"1":16,"2":3},"b":{"0":[16,0],"1":[16,16],"2":[8,8],"3":[1,7],"4":[7,0],"5":[3,5],"6":[1,2],"7":[1,1],"8":[1,0],"9":[5,0],"10":[2,3],"11":[5,4],"12":[1,2],"13":[0,2],"14":[1,1],"15":[1,2],"16":[1,1]},"_coverageSchema":"1a1c01bbd47fc00a2c39e90264f33305004495a9","hash":"61a0d525e4b13aee340f1ffb1b73b7070c09adfc"}
}
