{"/Users/isabellebernieri/Desktop/study/api_teste_oficial/src/app.js": {"path":"/Users/isabellebernieri/Desktop/study/api_teste_oficial/src/app.js","statementMap":{"0":{"start":{"line":2,"column":16},"end":{"line":2,"column":34}},"1":{"start":{"line":3,"column":22},"end":{"line":3,"column":55}},"2":{"start":{"line":5,"column":12},"end":{"line":5,"column":21}},"3":{"start":{"line":7,"column":0},"end":{"line":7,"column":24}},"4":{"start":{"line":8,"column":0},"end":{"line":8,"column":28}},"5":{"start":{"line":10,"column":0},"end":{"line":10,"column":21}}},"fnMap":{},"branchMap":{},"s":{"0":1,"1":1,"2":1,"3":1,"4":1,"5":1},"f":{},"b":{},"_coverageSchema":"1a1c01bbd47fc00a2c39e90264f33305004495a9","hash":"968e7ec697f82f3c26b9b95fe86a5705152c8b5d"}
,"/Users/isabellebernieri/Desktop/study/api_teste_oficial/src/controllers/accountController.js": {"path":"/Users/isabellebernieri/Desktop/study/api_teste_oficial/src/controllers/accountController.js","statementMap":{"0":{"start":{"line":2,"column":51},"end":{"line":2,"column":88}},"1":{"start":{"line":4,"column":21},"end":{"line":11,"column":1}},"2":{"start":{"line":5,"column":4},"end":{"line":10,"column":5}},"3":{"start":{"line":6,"column":23},"end":{"line":6,"column":38}},"4":{"start":{"line":7,"column":8},"end":{"line":7,"column":37}},"5":{"start":{"line":9,"column":8},"end":{"line":9,"column":44}},"6":{"start":{"line":13,"column":21},"end":{"line":26,"column":1}},"7":{"start":{"line":14,"column":4},"end":{"line":25,"column":5}},"8":{"start":{"line":15,"column":23},"end":{"line":15,"column":44}},"9":{"start":{"line":16,"column":8},"end":{"line":16,"column":37}},"10":{"start":{"line":18,"column":8},"end":{"line":24,"column":9}},"11":{"start":{"line":19,"column":12},"end":{"line":19,"column":48}},"12":{"start":{"line":20,"column":15},"end":{"line":24,"column":9}},"13":{"start":{"line":21,"column":12},"end":{"line":21,"column":48}},"14":{"start":{"line":23,"column":12},"end":{"line":23,"column":48}},"15":{"start":{"line":28,"column":23},"end":{"line":39,"column":1}},"16":{"start":{"line":29,"column":4},"end":{"line":38,"column":5}},"17":{"start":{"line":30,"column":24},"end":{"line":30,"column":56}},"18":{"start":{"line":31,"column":8},"end":{"line":31,"column":38}},"19":{"start":{"line":33,"column":8},"end":{"line":37,"column":9}},"20":{"start":{"line":34,"column":12},"end":{"line":34,"column":48}},"21":{"start":{"line":36,"column":12},"end":{"line":36,"column":48}},"22":{"start":{"line":41,"column":0},"end":{"line":45,"column":2}}},"fnMap":{"0":{"name":"(anonymous_0)","decl":{"start":{"line":4,"column":21},"end":{"line":4,"column":22}},"loc":{"start":{"line":4,"column":35},"end":{"line":11,"column":1}},"line":4},"1":{"name":"(anonymous_1)","decl":{"start":{"line":13,"column":21},"end":{"line":13,"column":22}},"loc":{"start":{"line":13,"column":35},"end":{"line":26,"column":1}},"line":13},"2":{"name":"(anonymous_2)","decl":{"start":{"line":28,"column":23},"end":{"line":28,"column":24}},"loc":{"start":{"line":28,"column":37},"end":{"line":39,"column":1}},"line":28}},"branchMap":{"0":{"loc":{"start":{"line":18,"column":8},"end":{"line":24,"column":9}},"type":"if","locations":[{"start":{"line":18,"column":8},"end":{"line":24,"column":9}},{"start":{"line":20,"column":15},"end":{"line":24,"column":9}}],"line":18},"1":{"loc":{"start":{"line":20,"column":15},"end":{"line":24,"column":9}},"type":"if","locations":[{"start":{"line":20,"column":15},"end":{"line":24,"column":9}},{"start":{"line":22,"column":15},"end":{"line":24,"column":9}}],"line":20},"2":{"loc":{"start":{"line":20,"column":19},"end":{"line":20,"column":142}},"type":"binary-expr","locations":[{"start":{"line":20,"column":19},"end":{"line":20,"column":59}},{"start":{"line":20,"column":63},"end":{"line":20,"column":101}},{"start":{"line":20,"column":105},"end":{"line":20,"column":142}}],"line":20},"3":{"loc":{"start":{"line":33,"column":8},"end":{"line":37,"column":9}},"type":"if","locations":[{"start":{"line":33,"column":8},"end":{"line":37,"column":9}},{"start":{"line":35,"column":15},"end":{"line":37,"column":9}}],"line":33}},"s":{"0":1,"1":1,"2":0,"3":0,"4":0,"5":0,"6":1,"7":0,"8":0,"9":0,"10":0,"11":0,"12":0,"13":0,"14":0,"15":1,"16":3,"17":3,"18":1,"19":2,"20":1,"21":1,"22":1},"f":{"0":0,"1":0,"2":3},"b":{"0":[0,0],"1":[0,0],"2":[0,0,0],"3":[1,1]},"_coverageSchema":"1a1c01bbd47fc00a2c39e90264f33305004495a9","hash":"77a66317bd5cc14f9bb65d9ba561fb1b480990f6"}
,"/Users/isabellebernieri/Desktop/study/api_teste_oficial/src/routes/accountRoutes.js": {"path":"/Users/isabellebernieri/Desktop/study/api_teste_oficial/src/routes/accountRoutes.js","statementMap":{"0":{"start":{"line":2,"column":16},"end":{"line":2,"column":34}},"1":{"start":{"line":3,"column":55},"end":{"line":3,"column":98}},"2":{"start":{"line":5,"column":15},"end":{"line":5,"column":31}},"3":{"start":{"line":7,"column":0},"end":{"line":7,"column":36}},"4":{"start":{"line":8,"column":0},"end":{"line":8,"column":36}},"5":{"start":{"line":9,"column":0},"end":{"line":9,"column":39}},"6":{"start":{"line":11,"column":0},"end":{"line":11,"column":24}}},"fnMap":{},"branchMap":{},"s":{"0":1,"1":1,"2":1,"3":1,"4":1,"5":1,"6":1},"f":{},"b":{},"_coverageSchema":"1a1c01bbd47fc00a2c39e90264f33305004495a9","hash":"3b5299c342ed048477311dac2cc227430199d08d"}
,"/Users/isabellebernieri/Desktop/study/api_teste_oficial/src/services/accountService.js": {"path":"/Users/isabellebernieri/Desktop/study/api_teste_oficial/src/services/accountService.js","statementMap":{"0":{"start":{"line":2,"column":15},"end":{"line":2,"column":17}},"1":{"start":{"line":3,"column":13},"end":{"line":3,"column":15}},"2":{"start":{"line":5,"column":22},"end":{"line":9,"column":1}},"3":{"start":{"line":6,"column":4},"end":{"line":6,"column":18}},"4":{"start":{"line":7,"column":4},"end":{"line":7,"column":16}},"5":{"start":{"line":8,"column":4},"end":{"line":8,"column":16}},"6":{"start":{"line":11,"column":20},"end":{"line":92,"column":1}},"7":{"start":{"line":12,"column":4},"end":{"line":91,"column":5}},"8":{"start":{"line":13,"column":8},"end":{"line":88,"column":9}},"9":{"start":{"line":14,"column":12},"end":{"line":16,"column":13}},"10":{"start":{"line":15,"column":16},"end":{"line":15,"column":79}},"11":{"start":{"line":18,"column":12},"end":{"line":20,"column":13}},"12":{"start":{"line":19,"column":16},"end":{"line":19,"column":42}},"13":{"start":{"line":22,"column":12},"end":{"line":22,"column":44}},"14":{"start":{"line":23,"column":12},"end":{"line":23,"column":55}},"15":{"start":{"line":25,"column":12},"end":{"line":30,"column":14}},"16":{"start":{"line":32,"column":15},"end":{"line":88,"column":9}},"17":{"start":{"line":33,"column":12},"end":{"line":35,"column":13}},"18":{"start":{"line":34,"column":16},"end":{"line":34,"column":75}},"19":{"start":{"line":37,"column":12},"end":{"line":39,"column":13}},"20":{"start":{"line":38,"column":16},"end":{"line":38,"column":37}},"21":{"start":{"line":41,"column":12},"end":{"line":53,"column":13}},"22":{"start":{"line":42,"column":16},"end":{"line":42,"column":43}},"23":{"start":{"line":43,"column":16},"end":{"line":43,"column":54}},"24":{"start":{"line":45,"column":16},"end":{"line":50,"column":18}},"25":{"start":{"line":52,"column":16},"end":{"line":52,"column":37}},"26":{"start":{"line":55,"column":15},"end":{"line":88,"column":9}},"27":{"start":{"line":56,"column":12},"end":{"line":58,"column":13}},"28":{"start":{"line":57,"column":16},"end":{"line":57,"column":93}},"29":{"start":{"line":60,"column":12},"end":{"line":62,"column":13}},"30":{"start":{"line":61,"column":16},"end":{"line":61,"column":37}},"31":{"start":{"line":64,"column":12},"end":{"line":66,"column":13}},"32":{"start":{"line":65,"column":16},"end":{"line":65,"column":42}},"33":{"start":{"line":68,"column":12},"end":{"line":85,"column":13}},"34":{"start":{"line":69,"column":16},"end":{"line":69,"column":43}},"35":{"start":{"line":70,"column":16},"end":{"line":70,"column":48}},"36":{"start":{"line":71,"column":16},"end":{"line":71,"column":67}},"37":{"start":{"line":73,"column":16},"end":{"line":82,"column":18}},"38":{"start":{"line":84,"column":16},"end":{"line":84,"column":37}},"39":{"start":{"line":87,"column":12},"end":{"line":87,"column":50}},"40":{"start":{"line":90,"column":8},"end":{"line":90,"column":48}},"41":{"start":{"line":94,"column":19},"end":{"line":104,"column":1}},"42":{"start":{"line":95,"column":4},"end":{"line":97,"column":5}},"43":{"start":{"line":96,"column":8},"end":{"line":96,"column":50}},"44":{"start":{"line":99,"column":4},"end":{"line":103,"column":5}},"45":{"start":{"line":100,"column":8},"end":{"line":100,"column":46}},"46":{"start":{"line":102,"column":8},"end":{"line":102,"column":29}},"47":{"start":{"line":106,"column":0},"end":{"line":110,"column":2}}},"fnMap":{"0":{"name":"(anonymous_0)","decl":{"start":{"line":5,"column":22},"end":{"line":5,"column":23}},"loc":{"start":{"line":5,"column":28},"end":{"line":9,"column":1}},"line":5},"1":{"name":"(anonymous_1)","decl":{"start":{"line":11,"column":20},"end":{"line":11,"column":21}},"loc":{"start":{"line":11,"column":63},"end":{"line":92,"column":1}},"line":11},"2":{"name":"(anonymous_2)","decl":{"start":{"line":94,"column":19},"end":{"line":94,"column":20}},"loc":{"start":{"line":94,"column":34},"end":{"line":104,"column":1}},"line":94}},"branchMap":{"0":{"loc":{"start":{"line":12,"column":4},"end":{"line":91,"column":5}},"type":"if","locations":[{"start":{"line":12,"column":4},"end":{"line":91,"column":5}},{"start":{"line":89,"column":11},"end":{"line":91,"column":5}}],"line":12},"1":{"loc":{"start":{"line":12,"column":8},"end":{"line":12,"column":36}},"type":"binary-expr","locations":[{"start":{"line":12,"column":8},"end":{"line":12,"column":12}},{"start":{"line":12,"column":16},"end":{"line":12,"column":36}}],"line":12},"2":{"loc":{"start":{"line":13,"column":8},"end":{"line":88,"column":9}},"type":"if","locations":[{"start":{"line":13,"column":8},"end":{"line":88,"column":9}},{"start":{"line":32,"column":15},"end":{"line":88,"column":9}}],"line":13},"3":{"loc":{"start":{"line":14,"column":12},"end":{"line":16,"column":13}},"type":"if","locations":[{"start":{"line":14,"column":12},"end":{"line":16,"column":13}},{"start":{},"end":{}}],"line":14},"4":{"loc":{"start":{"line":18,"column":12},"end":{"line":20,"column":13}},"type":"if","locations":[{"start":{"line":18,"column":12},"end":{"line":20,"column":13}},{"start":{},"end":{}}],"line":18},"5":{"loc":{"start":{"line":32,"column":15},"end":{"line":88,"column":9}},"type":"if","locations":[{"start":{"line":32,"column":15},"end":{"line":88,"column":9}},{"start":{"line":55,"column":15},"end":{"line":88,"column":9}}],"line":32},"6":{"loc":{"start":{"line":33,"column":12},"end":{"line":35,"column":13}},"type":"if","locations":[{"start":{"line":33,"column":12},"end":{"line":35,"column":13}},{"start":{},"end":{}}],"line":33},"7":{"loc":{"start":{"line":37,"column":12},"end":{"line":39,"column":13}},"type":"if","locations":[{"start":{"line":37,"column":12},"end":{"line":39,"column":13}},{"start":{},"end":{}}],"line":37},"8":{"loc":{"start":{"line":41,"column":12},"end":{"line":53,"column":13}},"type":"if","locations":[{"start":{"line":41,"column":12},"end":{"line":53,"column":13}},{"start":{"line":51,"column":19},"end":{"line":53,"column":13}}],"line":41},"9":{"loc":{"start":{"line":55,"column":15},"end":{"line":88,"column":9}},"type":"if","locations":[{"start":{"line":55,"column":15},"end":{"line":88,"column":9}},{"start":{"line":86,"column":15},"end":{"line":88,"column":9}}],"line":55},"10":{"loc":{"start":{"line":56,"column":12},"end":{"line":58,"column":13}},"type":"if","locations":[{"start":{"line":56,"column":12},"end":{"line":58,"column":13}},{"start":{},"end":{}}],"line":56},"11":{"loc":{"start":{"line":56,"column":16},"end":{"line":56,"column":39}},"type":"binary-expr","locations":[{"start":{"line":56,"column":16},"end":{"line":56,"column":23}},{"start":{"line":56,"column":27},"end":{"line":56,"column":39}}],"line":56},"12":{"loc":{"start":{"line":60,"column":12},"end":{"line":62,"column":13}},"type":"if","locations":[{"start":{"line":60,"column":12},"end":{"line":62,"column":13}},{"start":{},"end":{}}],"line":60},"13":{"loc":{"start":{"line":64,"column":12},"end":{"line":66,"column":13}},"type":"if","locations":[{"start":{"line":64,"column":12},"end":{"line":66,"column":13}},{"start":{},"end":{}}],"line":64},"14":{"loc":{"start":{"line":68,"column":12},"end":{"line":85,"column":13}},"type":"if","locations":[{"start":{"line":68,"column":12},"end":{"line":85,"column":13}},{"start":{"line":83,"column":19},"end":{"line":85,"column":13}}],"line":68},"15":{"loc":{"start":{"line":95,"column":4},"end":{"line":97,"column":5}},"type":"if","locations":[{"start":{"line":95,"column":4},"end":{"line":97,"column":5}},{"start":{},"end":{}}],"line":95},"16":{"loc":{"start":{"line":99,"column":4},"end":{"line":103,"column":5}},"type":"if","locations":[{"start":{"line":99,"column":4},"end":{"line":103,"column":5}},{"start":{"line":101,"column":11},"end":{"line":103,"column":5}}],"line":99}},"s":{"0":1,"1":1,"2":1,"3":3,"4":3,"5":3,"6":1,"7":1,"8":1,"9":1,"10":0,"11":1,"12":1,"13":1,"14":1,"15":1,"16":0,"17":0,"18":0,"19":0,"20":0,"21":0,"22":0,"23":0,"24":0,"25":0,"26":0,"27":0,"28":0,"29":0,"30":0,"31":0,"32":0,"33":0,"34":0,"35":0,"36":0,"37":0,"38":0,"39":0,"40":0,"41":1,"42":3,"43":1,"44":2,"45":1,"46":1,"47":1},"f":{"0":3,"1":1,"2":3},"b":{"0":[1,0],"1":[1,1],"2":[1,0],"3":[0,1],"4":[1,0],"5":[0,0],"6":[0,0],"7":[0,0],"8":[0,0],"9":[0,0],"10":[0,0],"11":[0,0],"12":[0,0],"13":[0,0],"14":[0,0],"15":[1,2],"16":[1,1]},"_coverageSchema":"1a1c01bbd47fc00a2c39e90264f33305004495a9","hash":"f298850ae98b7d175e1ba1bf5bc7c8718fa1d329"}
}
