TN:
SF:src/app.js
FNF:0
FNH:0
DA:2,1
DA:3,1
DA:5,1
DA:7,1
DA:8,1
DA:10,1
LF:6
LH:6
BRF:0
BRH:0
end_of_record
TN:
SF:src/controllers/accountController.js
FN:4,(anonymous_0)
FN:13,(anonymous_1)
FN:28,(anonymous_2)
FNF:3
FNH:3
FNDA:1,(anonymous_0)
FNDA:9,(anonymous_1)
FNDA:3,(anonymous_2)
DA:2,1
DA:4,1
DA:5,1
DA:6,1
DA:7,1
DA:9,0
DA:13,1
DA:14,9
DA:15,9
DA:16,3
DA:18,6
DA:19,3
DA:20,3
DA:21,2
DA:23,1
DA:28,1
DA:29,3
DA:30,3
DA:31,1
DA:33,2
DA:34,1
DA:36,1
DA:41,1
LF:23
LH:22
BRDA:18,0,0,3
BRDA:18,0,1,3
BRDA:20,1,0,2
BRDA:20,1,1,1
BRDA:20,2,0,3
BRDA:20,2,1,3
BRDA:20,2,2,3
BRDA:33,3,0,1
BRDA:33,3,1,1
BRF:9
BRH:9
end_of_record
TN:
SF:src/routes/accountRoutes.js
FNF:0
FNH:0
DA:2,1
DA:3,1
DA:5,1
DA:7,1
DA:8,1
DA:9,1
DA:11,1
LF:7
LH:7
BRF:0
BRH:0
end_of_record
TN:
SF:src/services/accountService.js
FN:5,(anonymous_0)
FN:11,(anonymous_1)
FN:94,(anonymous_2)
FNF:3
FNH:3
FNDA:14,(anonymous_0)
FNDA:15,(anonymous_1)
FNDA:3,(anonymous_2)
DA:2,1
DA:3,1
DA:5,1
DA:6,14
DA:7,14
DA:8,14
DA:11,1
DA:12,15
DA:13,15
DA:14,8
DA:15,1
DA:18,7
DA:19,7
DA:22,7
DA:23,7
DA:25,7
DA:32,7
DA:33,3
DA:34,1
DA:37,2
DA:38,1
DA:41,1
DA:42,1
DA:43,1
DA:45,1
DA:52,0
DA:55,4
DA:56,4
DA:57,1
DA:60,3
DA:61,1
DA:64,2
DA:65,0
DA:68,2
DA:69,1
DA:70,1
DA:71,1
DA:73,1
DA:84,1
DA:87,0
DA:90,0
DA:94,1
DA:95,3
DA:96,1
DA:99,2
DA:100,1
DA:102,1
DA:106,1
LF:48
LH:44
BRDA:12,0,0,15
BRDA:12,0,1,0
BRDA:12,1,0,15
BRDA:12,1,1,15
BRDA:13,2,0,8
BRDA:13,2,1,7
BRDA:14,3,0,1
BRDA:14,3,1,7
BRDA:18,4,0,7
BRDA:18,4,1,0
BRDA:32,5,0,3
BRDA:32,5,1,4
BRDA:33,6,0,1
BRDA:33,6,1,2
BRDA:37,7,0,1
BRDA:37,7,1,1
BRDA:41,8,0,1
BRDA:41,8,1,0
BRDA:55,9,0,4
BRDA:55,9,1,0
BRDA:56,10,0,1
BRDA:56,10,1,3
BRDA:56,11,0,4
BRDA:56,11,1,4
BRDA:60,12,0,1
BRDA:60,12,1,2
BRDA:64,13,0,0
BRDA:64,13,1,2
BRDA:68,14,0,1
BRDA:68,14,1,1
BRDA:95,15,0,1
BRDA:95,15,1,2
BRDA:99,16,0,1
BRDA:99,16,1,1
BRF:34
BRH:29
end_of_record
